Arguments: 
  C:\Program Files\nodejs\node.exe C:\Users\ngan\AppData\Roaming\npm\node_modules\yarn\bin\yarn.js add express nodemoon

PATH: 
  C:\Program Files\Microsoft\jdk-11.0.16.101-hotspot\bin;C:\windows\system32;C:\windows;C:\windows\System32\Wbem;C:\windows\System32\WindowsPowerShell\v1.0\;C:\windows\System32\OpenSSH\;C:\Program Files\WindowsPowerShell\Scripts;C:\Program Files\Microsoft SQL Server\150\Tools\Binn\;C:\Program Files\Microsoft SQL Server\Client SDK\ODBC\170\Tools\Binn\;C:\ProgramData\chocolatey\bin;C:\Program Files\Git\cmd;C:\Program Files\nodejs\;C:\Program Files\MongoDB\Server\6.0\bin;C:\Program Files\MongoDB\Tools\100\bin;C:\Program Files\IIS Express;C:\Source\EpiCloud\source;C:\Program Files\dotnet\;C:\Users\ngan\AppData\Local\Programs\Python\Python311\Scripts\;C:\Users\ngan\AppData\Local\Programs\Python\Python311\;C:\Users\ngan\AppData\Local\Microsoft\WindowsApps;C:\Users\ngan\AppData\Local\Programs\Microsoft VS Code\bin;C:\Users\ngan\AppData\Roaming\npm;C:\Users\ngan\AppData\Local\GitHubDesktop\bin;C:\Program Files\MongoDB\Server\6.0\bin;C:\Program Files\MongoDB\Tools\100\bin;C:\Program Files\IIS Express;C:\Users\ngan\AppData\Local\Programs\oh-my-posh\bin;C:\Source\EpiCloud\source;;C:\Program Files\JetBrains\DataGrip 2022.3.3\bin;;C:\Program Files\JetBrains\IntelliJ IDEA Community Edition 2022.3.2\bin;;C:\Program Files\JetBrains\JetBrains Rider 2023.1\bin;;C:\Users\ngan\.dotnet\tools

Yarn version: 
  1.22.19

Node version: 
  18.11.0

Platform: 
  win32 x64

Trace: 
  Error: https://registry.yarnpkg.com/nodemoon: Not found
      at params.callback [as _callback] (C:\Users\ngan\AppData\Roaming\npm\node_modules\yarn\lib\cli.js:66145:18)
      at self.callback (C:\Users\ngan\AppData\Roaming\npm\node_modules\yarn\lib\cli.js:140890:22)
      at Request.emit (node:events:513:28)
      at Request.<anonymous> (C:\Users\ngan\AppData\Roaming\npm\node_modules\yarn\lib\cli.js:141862:10)
      at Request.emit (node:events:513:28)
      at IncomingMessage.<anonymous> (C:\Users\ngan\AppData\Roaming\npm\node_modules\yarn\lib\cli.js:141784:12)
      at Object.onceWrapper (node:events:627:28)
      at IncomingMessage.emit (node:events:525:35)
      at endReadableNT (node:internal/streams/readable:1359:12)
      at process.processTicksAndRejections (node:internal/process/task_queues:82:21)

npm manifest: 
  {
    "name": "web-app",
    "version": "1.0.0",
    "main": "index.js",
    "license": "MIT"
  }

yarn manifest: 
  No manifest

Lockfile: 
  No lockfile
